<?xml version="1.0" encoding="UTF-8"?>
<!-- Generated by org.testng.reporters.JUnitReportReporter -->
<testsuite hostname="Mentalist-Dell" failures="0" tests="1" name="testCases.TC002_LoginTest" time="1.686" errors="0" timestamp="2025-03-27T15:45:48 EDT" skipped="0">
  <testcase classname="testCases.TC002_LoginTest" name="verify_login_test" time="1.686"/>
</testsuite> <!-- testCases.TC002_LoginTest -->
