<?xml version="1.0" encoding="UTF-8"?>
<!-- Generated by org.testng.reporters.JUnitReportReporter -->
<testsuite hostname="Mentalist-Dell" failures="0" tests="1" name="testCases.TC001_AccountRegisterTest" time="2.935" errors="0" timestamp="2025-03-27T15:46:34 EDT" skipped="0">
  <testcase classname="testCases.TC001_AccountRegisterTest" name="verify_account_Register" time="2.935"/>
</testsuite> <!-- testCases.TC001_AccountRegisterTest -->
