<?xml version="1.0" encoding="UTF-8"?>
<!-- Generated by org.testng.reporters.JUnitReportReporter -->
<testsuite hostname="Mentalist-Dell" failures="0" tests="5" name="testCases.TC003_LoginTestDDT" time="39.555" errors="0" timestamp="2025-03-31T00:55:30 EDT" skipped="0">
  <testcase classname="testCases.TC003_LoginTestDDT" name="verify_loginDDT_test" time="11.272"/>
  <testcase classname="testCases.TC003_LoginTestDDT" name="verify_loginDDT_test" time="11.232"/>
  <testcase classname="testCases.TC003_LoginTestDDT" name="verify_loginDDT_test" time="2.674"/>
  <testcase classname="testCases.TC003_LoginTestDDT" name="verify_loginDDT_test" time="11.368"/>
  <testcase classname="testCases.TC003_LoginTestDDT" name="verify_loginDDT_test" time="3.009"/>
</testsuite> <!-- testCases.TC003_LoginTestDDT -->
